Using pre-set license
Built from '2020.3/release' branch; Version is '2020.3.34f1 (9a4c9c70452b) revision 10112156'; Using compiler version '192528614'; Build Type 'Release'
OS: 'Windows 11  (10.0.22000) 64bit Professional' Language: 'en' Physical Memory: 14256 MB
BatchMode: 1, IsHumanControllingUs: 0, StartBugReporterOnCrash: 0, Is64bit: 1, IsPro: 0

COMMAND LINE ARGUMENTS:
D:\Unity\Unity 2020.3.34f1\Editor\Unity.exe
-adb2
-batchMode
-noUpm
-name
AssetImportWorker0
-projectPath
C:/Users/zeezha/OneDrive/Documents/unity/My project/Augmented Reality UAS
-logFile
Logs/AssetImportWorker0.log
-srvPort
56236
Successfully changed project path to: C:/Users/zeezha/OneDrive/Documents/unity/My project/Augmented Reality UAS
C:/Users/zeezha/OneDrive/Documents/unity/My project/Augmented Reality UAS
Using Asset Import Pipeline V2.
Refreshing native plugins compatible for Editor in 115.55 ms, found 3 plugins.
Preloading 0 native plugins for Editor in 0.00 ms.
Initialize engine version: 2020.3.34f1 (9a4c9c70452b)
[Subsystems] Discovering subsystems at path D:/Unity/Unity 2020.3.34f1/Editor/Data/Resources/UnitySubsystems
[Subsystems] Discovering subsystems at path C:/Users/zeezha/OneDrive/Documents/unity/My project/Augmented Reality UAS/Assets
GfxDevice: creating device client; threaded=0
Direct3D:
    Version:  Direct3D 11.0 [level 11.1]
    Renderer: AMD Radeon(TM) RX Vega 11 Graphics (ID=0x15d8)
    Vendor:   
    VRAM:     7128 MB
    Driver:   30.0.13023.4001
Initialize mono
Mono path[0] = 'D:/Unity/Unity 2020.3.34f1/Editor/Data/Managed'
Mono path[1] = 'D:/Unity/Unity 2020.3.34f1/Editor/Data/MonoBleedingEdge/lib/mono/unityjit'
Mono config path = 'D:/Unity/Unity 2020.3.34f1/Editor/Data/MonoBleedingEdge/etc'
Using monoOptions --debugger-agent=transport=dt_socket,embedding=1,server=y,suspend=n,address=127.0.0.1:56040
Begin MonoManager ReloadAssembly
Registering precompiled unity dll's ...
Register platform support module: D:/Unity/Unity 2020.3.34f1/Editor/Data/PlaybackEngines/WindowsStandaloneSupport/UnityEditor.WindowsStandalone.Extensions.dll
Registered in 0.001408 seconds.
Native extension for WindowsStandalone target not found
Refreshing native plugins compatible for Editor in 84.76 ms, found 3 plugins.
Preloading 0 native plugins for Editor in 0.00 ms.
Mono: successfully reloaded assembly
- Completed reload, in  1.140 seconds
Domain Reload Profiling:
	ReloadAssembly (1141ms)
		BeginReloadAssembly (129ms)
			ExecutionOrderSort (0ms)
			DisableScriptedObjects (0ms)
			BackupInstance (0ms)
			ReleaseScriptingObjects (0ms)
			CreateAndSetChildDomain (2ms)
		EndReloadAssembly (870ms)
			LoadAssemblies (127ms)
			RebuildTransferFunctionScriptingTraits (0ms)
			SetupTypeCache (289ms)
			ReleaseScriptCaches (0ms)
			RebuildScriptCaches (46ms)
			SetupLoadedEditorAssemblies (328ms)
				LogAssemblyErrors (0ms)
				InitializePlatformSupportModulesInManaged (7ms)
				SetLoadedEditorAssemblies (0ms)
				RefreshPlugins (85ms)
				BeforeProcessingInitializeOnLoad (19ms)
				ProcessInitializeOnLoadAttributes (161ms)
				ProcessInitializeOnLoadMethodAttributes (56ms)
				AfterProcessingInitializeOnLoad (0ms)
				EditorAssembliesLoaded (0ms)
			ExecutionOrderSort2 (0ms)
			AwakeInstancesAfterBackupRestoration (0ms)
Platform modules already initialized, skipping
Registering precompiled user dll's ...
Registered in 0.006401 seconds.
Begin MonoManager ReloadAssembly
Native extension for WindowsStandalone target not found
Refreshing native plugins compatible for Editor in 0.67 ms, found 3 plugins.
Preloading 0 native plugins for Editor in 0.00 ms.
Mono: successfully reloaded assembly
- Completed reload, in  1.606 seconds
Domain Reload Profiling:
	ReloadAssembly (1608ms)
		BeginReloadAssembly (300ms)
			ExecutionOrderSort (0ms)
			DisableScriptedObjects (13ms)
			BackupInstance (0ms)
			ReleaseScriptingObjects (0ms)
			CreateAndSetChildDomain (29ms)
		EndReloadAssembly (1219ms)
			LoadAssemblies (149ms)
			RebuildTransferFunctionScriptingTraits (0ms)
			SetupTypeCache (411ms)
			ReleaseScriptCaches (1ms)
			RebuildScriptCaches (64ms)
			SetupLoadedEditorAssemblies (485ms)
				LogAssemblyErrors (0ms)
				InitializePlatformSupportModulesInManaged (6ms)
				SetLoadedEditorAssemblies (1ms)
				RefreshPlugins (1ms)
				BeforeProcessingInitializeOnLoad (69ms)
				ProcessInitializeOnLoadAttributes (376ms)
				ProcessInitializeOnLoadMethodAttributes (28ms)
				AfterProcessingInitializeOnLoad (4ms)
				EditorAssembliesLoaded (1ms)
			ExecutionOrderSort2 (0ms)
			AwakeInstancesAfterBackupRestoration (3ms)
Platform modules already initialized, skipping
========================================================================
Worker process is ready to serve import requests
Launched and connected shader compiler UnityShaderCompiler.exe after 0.17 seconds
Refreshing native plugins compatible for Editor in 0.64 ms, found 3 plugins.
Preloading 0 native plugins for Editor in 0.00 ms.
Unloading 1628 Unused Serialized files (Serialized files now loaded: 0)
System memory in use before: 75.6 MB.
System memory in use after: 75.7 MB.

Unloading 26 unused Assets to reduce memory usage. Loaded Objects now: 2055.
Total: 3.320600 ms (FindLiveObjects: 0.174200 ms CreateObjectMapping: 0.039800 ms MarkObjects: 3.014900 ms  DeleteObjects: 0.090500 ms)

AssetImportParameters requested are different than current active one (requested -> active):
  custom:framework-win-MediaFoundation: 216162199b28c13a410421893ffa2e32 -> 
  custom:video-decoder-ogg-theora: a1e56fd34408186e4bbccfd4996cb3dc -> 
  custom:container-muxer-webm: aa71ff27fc2769a1b78a27578f13a17b -> 
  custom:container-demuxer-webm: 4f35f7cbe854078d1ac9338744f61a02 -> 
  custom:container-demuxer-ogg: 62fdf1f143b41e24485cea50d1cbac27 -> 
  custom:video-encoder-webm-vp8: eb34c28f22e8b96e1ab97ce403110664 -> 
  custom:video-decoder-webm-vp8: 9c59270c3fd7afecdb556c50c9e8de78 -> 
  custom:audio-decoder-ogg-vorbis: bf7c407c2cedff20999df2af8eb42d56 -> 
  custom:audio-encoder-webm-vorbis: bf7c407c2cedff20999df2af8eb42d56 -> 
========================================================================
Received Import Request.
  path: Assets/Materials/Color_B24.mat
  artifactKey: Guid(853b8e3bd8f5be84c816bd258052c526) Importer(815301076,1909f56bfc062723c751e8b465ee728b)
Start importing Assets/Materials/Color_B24.mat using Guid(853b8e3bd8f5be84c816bd258052c526) Importer(815301076,1909f56bfc062723c751e8b465ee728b)  -> (artifact id: '44c9317aad000506b3a7cd1de8b73651') in 0.178262 seconds 
========================================================================
Received Import Request.
  Time since last request: 0.002773 seconds.
  path: Assets/Materials/Color_B13.mat
  artifactKey: Guid(c345276790455ae40b3d6ccfd1de4cec) Importer(815301076,1909f56bfc062723c751e8b465ee728b)
Start importing Assets/Materials/Color_B13.mat using Guid(c345276790455ae40b3d6ccfd1de4cec) Importer(815301076,1909f56bfc062723c751e8b465ee728b)  -> (artifact id: 'ffa3118effd72d9c0a11ae9f7b856e9b') in 0.057851 seconds 
========================================================================
Received Import Request.
  Time since last request: 0.000347 seconds.
  path: Assets/Materials/Concrete_Aggregate_Smoke.mat
  artifactKey: Guid(e21f9bcb992b5774e966f7845063c091) Importer(815301076,1909f56bfc062723c751e8b465ee728b)
Start importing Assets/Materials/Concrete_Aggregate_Smoke.mat using Guid(e21f9bcb992b5774e966f7845063c091) Importer(815301076,1909f56bfc062723c751e8b465ee728b)  -> (artifact id: 'f8b0a640a015044cd0ff62b4ebf6a6de') in 0.062577 seconds 
========================================================================
Received Import Request.
  Time since last request: 0.000337 seconds.
  path: Assets/Materials/Color_B23.mat
  artifactKey: Guid(4a9fb54a5ea897141b08f59080c51049) Importer(815301076,1909f56bfc062723c751e8b465ee728b)
Start importing Assets/Materials/Color_B23.mat using Guid(4a9fb54a5ea897141b08f59080c51049) Importer(815301076,1909f56bfc062723c751e8b465ee728b)  -> (artifact id: 'b0c7b65ee10d1399b0355867da0c1b11') in 0.026979 seconds 
========================================================================
Received Import Request.
  Time since last request: 0.000405 seconds.
  path: Assets/Materials/eg2_body1.mat
  artifactKey: Guid(e12a1fa9df56f894da3b99497c1f91ab) Importer(815301076,1909f56bfc062723c751e8b465ee728b)
Start importing Assets/Materials/eg2_body1.mat using Guid(e12a1fa9df56f894da3b99497c1f91ab) Importer(815301076,1909f56bfc062723c751e8b465ee728b)  -> (artifact id: '702d8381a0f4604dc18e8d33816b3365') in 0.036889 seconds 
========================================================================
Received Import Request.
  Time since last request: 0.000414 seconds.
  path: Assets/Materials/Color_B20.mat
  artifactKey: Guid(3e7bc63531c9e2f4c97e5c0ba3b55344) Importer(815301076,1909f56bfc062723c751e8b465ee728b)
Start importing Assets/Materials/Color_B20.mat using Guid(3e7bc63531c9e2f4c97e5c0ba3b55344) Importer(815301076,1909f56bfc062723c751e8b465ee728b)  -> (artifact id: '6224c3a80db2585ebb64303b4e0c2a02') in 0.033996 seconds 
========================================================================
Received Import Request.
  Time since last request: 0.000633 seconds.
  path: Assets/Materials/Color_C21.mat
  artifactKey: Guid(5231813a278dc3547a9defa7ec4a8e10) Importer(815301076,1909f56bfc062723c751e8b465ee728b)
Start importing Assets/Materials/Color_C21.mat using Guid(5231813a278dc3547a9defa7ec4a8e10) Importer(815301076,1909f56bfc062723c751e8b465ee728b)  -> (artifact id: 'aa4d648adcf0143b69f54c50de43c747') in 0.022069 seconds 
========================================================================
Received Import Request.
  Time since last request: 0.000411 seconds.
  path: Assets/Materials/eg2_eye1.mat
  artifactKey: Guid(916c3c1f5313847429655c071e3059df) Importer(815301076,1909f56bfc062723c751e8b465ee728b)
Start importing Assets/Materials/eg2_eye1.mat using Guid(916c3c1f5313847429655c071e3059df) Importer(815301076,1909f56bfc062723c751e8b465ee728b)  -> (artifact id: 'c4d98e9a70e42c8126e80f0d4b31e4b8') in 0.022686 seconds 
========================================================================
Received Import Request.
  Time since last request: 0.000241 seconds.
  path: Assets/Materials/Color_B15.mat
  artifactKey: Guid(201d57e2ad30f4d4f9d2f4e5e6447380) Importer(815301076,1909f56bfc062723c751e8b465ee728b)
Start importing Assets/Materials/Color_B15.mat using Guid(201d57e2ad30f4d4f9d2f4e5e6447380) Importer(815301076,1909f56bfc062723c751e8b465ee728b)  -> (artifact id: 'c763df26642697a58d74a09740461c5f') in 0.023097 seconds 
========================================================================
Received Import Request.
  Time since last request: 0.000262 seconds.
  path: Assets/Materials/Color_B21.mat
  artifactKey: Guid(ae80f5f87c6f1594a8018ac52486dcc7) Importer(815301076,1909f56bfc062723c751e8b465ee728b)
Start importing Assets/Materials/Color_B21.mat using Guid(ae80f5f87c6f1594a8018ac52486dcc7) Importer(815301076,1909f56bfc062723c751e8b465ee728b)  -> (artifact id: '83b9d2bcef008e39b6b550b87ee907d6') in 0.022905 seconds 
========================================================================
Received Import Request.
  Time since last request: 0.000304 seconds.
  path: Assets/Materials/Fencing_Railing_Metal.mat
  artifactKey: Guid(4dea97914ce435448ac738b55678e44c) Importer(815301076,1909f56bfc062723c751e8b465ee728b)
Start importing Assets/Materials/Fencing_Railing_Metal.mat using Guid(4dea97914ce435448ac738b55678e44c) Importer(815301076,1909f56bfc062723c751e8b465ee728b)  -> (artifact id: 'fd2315df31980b898459f98212d59db5') in 0.024907 seconds 
========================================================================
Received Import Request.
  Time since last request: 0.000566 seconds.
  path: Assets/Materials/Fencing_Iron.mat
  artifactKey: Guid(20a6a34088a533441912553800328be1) Importer(815301076,1909f56bfc062723c751e8b465ee728b)
Start importing Assets/Materials/Fencing_Iron.mat using Guid(20a6a34088a533441912553800328be1) Importer(815301076,1909f56bfc062723c751e8b465ee728b)  -> (artifact id: '8755d178e1b1352e4d29d24f6768aaf1') in 0.028178 seconds 
========================================================================
Received Import Request.
  Time since last request: 520.406690 seconds.
  path: Assets/Materials/Gold_Color_Sample.mat
  artifactKey: Guid(57128b0e56e192343957341459a5091c) Importer(815301076,1909f56bfc062723c751e8b465ee728b)
Start importing Assets/Materials/Gold_Color_Sample.mat using Guid(57128b0e56e192343957341459a5091c) Importer(815301076,1909f56bfc062723c751e8b465ee728b)  -> (artifact id: '01d2bf302696417025c8d06dc776600f') in 0.029261 seconds 
========================================================================
Received Import Request.
  Time since last request: 0.000311 seconds.
  path: Assets/Materials/Vegetation_Blur7.mat
  artifactKey: Guid(ddf3784782f5f41439b2b558761e9f4b) Importer(815301076,1909f56bfc062723c751e8b465ee728b)
Start importing Assets/Materials/Vegetation_Blur7.mat using Guid(ddf3784782f5f41439b2b558761e9f4b) Importer(815301076,1909f56bfc062723c751e8b465ee728b)  -> (artifact id: 'f9ed41727fac4727ac9e9bdd2fc18749') in 0.025081 seconds 
========================================================================
Received Import Request.
  Time since last request: 0.000378 seconds.
  path: Assets/Materials/material_0.mat
  artifactKey: Guid(efe50630b540aaa4ebe6d35a6c7a4134) Importer(815301076,1909f56bfc062723c751e8b465ee728b)
Start importing Assets/Materials/material_0.mat using Guid(efe50630b540aaa4ebe6d35a6c7a4134) Importer(815301076,1909f56bfc062723c751e8b465ee728b)  -> (artifact id: '5aee92d4c40de2e88842c645720510bb') in 0.023921 seconds 
========================================================================
Received Import Request.
  Time since last request: 0.000308 seconds.
  path: Assets/Materials/material_7.mat
  artifactKey: Guid(0b4a16ae5d2145d498dd96e2c95eee60) Importer(815301076,1909f56bfc062723c751e8b465ee728b)
Start importing Assets/Materials/material_7.mat using Guid(0b4a16ae5d2145d498dd96e2c95eee60) Importer(815301076,1909f56bfc062723c751e8b465ee728b)  -> (artifact id: '6631f37ce7314bb6bca9d5c2559e4cd6') in 0.022295 seconds 
========================================================================
Received Import Request.
  Time since last request: 0.000285 seconds.
  path: Assets/Materials/_0135_DarkGray.mat
  artifactKey: Guid(05493494b32b7cb4c8c9b4e05e07db19) Importer(815301076,1909f56bfc062723c751e8b465ee728b)
Start importing Assets/Materials/_0135_DarkGray.mat using Guid(05493494b32b7cb4c8c9b4e05e07db19) Importer(815301076,1909f56bfc062723c751e8b465ee728b)  -> (artifact id: '051572451d8151092399e3670cfe338b') in 0.026007 seconds 
========================================================================
Received Import Request.
  Time since last request: 0.000258 seconds.
  path: Assets/Materials/White.mat
  artifactKey: Guid(e59e4588eeb68784b9cf65cb682e6d1b) Importer(815301076,1909f56bfc062723c751e8b465ee728b)
Start importing Assets/Materials/White.mat using Guid(e59e4588eeb68784b9cf65cb682e6d1b) Importer(815301076,1909f56bfc062723c751e8b465ee728b)  -> (artifact id: '60aea1ce89c1c5408d0104d3cbb7067b') in 0.022632 seconds 
========================================================================
Received Import Request.
  Time since last request: 0.000227 seconds.
  path: Assets/Materials/Gold_Color_Sample_1.mat
  artifactKey: Guid(cfda52af41f9c7b43ba5983511d45b86) Importer(815301076,1909f56bfc062723c751e8b465ee728b)
Start importing Assets/Materials/Gold_Color_Sample_1.mat using Guid(cfda52af41f9c7b43ba5983511d45b86) Importer(815301076,1909f56bfc062723c751e8b465ee728b)  -> (artifact id: '165ab2941a77bbff078ce05f138430eb') in 0.019683 seconds 
========================================================================
Received Import Request.
  Time since last request: 0.000329 seconds.
  path: Assets/Materials/Metal_Perforated_Angle.mat
  artifactKey: Guid(7af4d11559e4483428335940a9f3fac2) Importer(815301076,1909f56bfc062723c751e8b465ee728b)
Start importing Assets/Materials/Metal_Perforated_Angle.mat using Guid(7af4d11559e4483428335940a9f3fac2) Importer(815301076,1909f56bfc062723c751e8b465ee728b)  -> (artifact id: '38ffe736bb20d065bceed2ed1e9d9391') in 0.028926 seconds 
========================================================================
Received Import Request.
  Time since last request: 0.000251 seconds.
  path: Assets/Materials/__LightGray_ 1.mat
  artifactKey: Guid(d80ce61aad8bc634f9627418e558bcb8) Importer(815301076,1909f56bfc062723c751e8b465ee728b)
Start importing Assets/Materials/__LightGray_ 1.mat using Guid(d80ce61aad8bc634f9627418e558bcb8) Importer(815301076,1909f56bfc062723c751e8b465ee728b)  -> (artifact id: 'f992d5234295be706f4196655f6841b1') in 0.021129 seconds 
========================================================================
Received Import Request.
  Time since last request: 0.000386 seconds.
  path: Assets/Materials/material_2.mat
  artifactKey: Guid(2ba90063db6a6d94daf3166d593c865f) Importer(815301076,1909f56bfc062723c751e8b465ee728b)
Start importing Assets/Materials/material_2.mat using Guid(2ba90063db6a6d94daf3166d593c865f) Importer(815301076,1909f56bfc062723c751e8b465ee728b)  -> (artifact id: '2612f40c90633300585511f0f188a880') in 0.023313 seconds 
========================================================================
Received Import Request.
  Time since last request: 0.000439 seconds.
  path: Assets/Materials/Stone_Masonry_Multi.mat
  artifactKey: Guid(eb1b90955553b2d4aaaf54c23bfe301f) Importer(815301076,1909f56bfc062723c751e8b465ee728b)
Start importing Assets/Materials/Stone_Masonry_Multi.mat using Guid(eb1b90955553b2d4aaaf54c23bfe301f) Importer(815301076,1909f56bfc062723c751e8b465ee728b)  -> (artifact id: '5d8cf55065ca204969715337588cbcf7') in 0.024018 seconds 
========================================================================
Received Import Request.
  Time since last request: 0.000355 seconds.
  path: Assets/Materials/jean_blue.mat
  artifactKey: Guid(90963a838c413c8459eba3536aa33296) Importer(815301076,1909f56bfc062723c751e8b465ee728b)
Start importing Assets/Materials/jean_blue.mat using Guid(90963a838c413c8459eba3536aa33296) Importer(815301076,1909f56bfc062723c751e8b465ee728b)  -> (artifact id: '2a9afef5cfd1b61261d04acda75dc57f') in 0.025843 seconds 
========================================================================
Received Import Request.
  Time since last request: 0.000259 seconds.
  path: Assets/Materials/Stone_Marble.mat
  artifactKey: Guid(4d7f317b06a83104b864f9af0940b112) Importer(815301076,1909f56bfc062723c751e8b465ee728b)
Start importing Assets/Materials/Stone_Marble.mat using Guid(4d7f317b06a83104b864f9af0940b112) Importer(815301076,1909f56bfc062723c751e8b465ee728b)  -> (artifact id: '75e8da5da70ca614d60eda417a38a015') in 0.025239 seconds 
========================================================================
Received Import Request.
  Time since last request: 0.000364 seconds.
  path: Assets/Materials/Metal_Seamed.mat
  artifactKey: Guid(15eddc31029f24a488afb1cee33bab38) Importer(815301076,1909f56bfc062723c751e8b465ee728b)
Start importing Assets/Materials/Metal_Seamed.mat using Guid(15eddc31029f24a488afb1cee33bab38) Importer(815301076,1909f56bfc062723c751e8b465ee728b)  -> (artifact id: 'a4ea79f15ddaf018afb42676e74fbce0') in 0.022171 seconds 
========================================================================
Received Import Request.
  Time since last request: 0.000285 seconds.
  path: Assets/Materials/Metal_Brass_Ceiling_Squares.mat
  artifactKey: Guid(4443c5e2315d07e45a24581a55f513c3) Importer(815301076,1909f56bfc062723c751e8b465ee728b)
Start importing Assets/Materials/Metal_Brass_Ceiling_Squares.mat using Guid(4443c5e2315d07e45a24581a55f513c3) Importer(815301076,1909f56bfc062723c751e8b465ee728b)  -> (artifact id: 'dc5ffb804a298f384a0be5f008455ced') in 0.023968 seconds 
========================================================================
Received Import Request.
  Time since last request: 0.000238 seconds.
  path: Assets/Materials/_96_96_96.mat
  artifactKey: Guid(d6cc615cc49b8ea44a551b53ddbf267d) Importer(815301076,1909f56bfc062723c751e8b465ee728b)
Start importing Assets/Materials/_96_96_96.mat using Guid(d6cc615cc49b8ea44a551b53ddbf267d) Importer(815301076,1909f56bfc062723c751e8b465ee728b)  -> (artifact id: 'cf602742e1cb75c25970405af9bdf605') in 0.022963 seconds 
========================================================================
Received Import Request.
  Time since last request: 0.000293 seconds.
  path: Assets/Materials/material.mat
  artifactKey: Guid(3feb371463156304db4d63b8b3744e6f) Importer(815301076,1909f56bfc062723c751e8b465ee728b)
Start importing Assets/Materials/material.mat using Guid(3feb371463156304db4d63b8b3744e6f) Importer(815301076,1909f56bfc062723c751e8b465ee728b)  -> (artifact id: '40888b279f6520ee1339df23f11e9868') in 0.022923 seconds 
========================================================================
Received Import Request.
  Time since last request: 0.000333 seconds.
  path: Assets/Materials/Water_Sparkling.mat
  artifactKey: Guid(024dcd7e1cc49b043b1cdc31d815707a) Importer(815301076,1909f56bfc062723c751e8b465ee728b)
Start importing Assets/Materials/Water_Sparkling.mat using Guid(024dcd7e1cc49b043b1cdc31d815707a) Importer(815301076,1909f56bfc062723c751e8b465ee728b)  -> (artifact id: 'a76e5afa6ce3040ee767338314bb2902') in 0.022922 seconds 
========================================================================
Received Import Request.
  Time since last request: 0.000271 seconds.
  path: Assets/Materials/Color_001.mat
  artifactKey: Guid(af9913561fa46b942a3221a80fe553f4) Importer(815301076,1909f56bfc062723c751e8b465ee728b)
Start importing Assets/Materials/Color_001.mat using Guid(af9913561fa46b942a3221a80fe553f4) Importer(815301076,1909f56bfc062723c751e8b465ee728b)  -> (artifact id: 'f3e3695e946ce3244529573425f1ba30') in 0.025842 seconds 
========================================================================
Received Import Request.
  Time since last request: 0.000214 seconds.
  path: Assets/Materials/Metal_Grate_Crossing.mat
  artifactKey: Guid(135a84bd6820a8545b489e750706e2b2) Importer(815301076,1909f56bfc062723c751e8b465ee728b)
Start importing Assets/Materials/Metal_Grate_Crossing.mat using Guid(135a84bd6820a8545b489e750706e2b2) Importer(815301076,1909f56bfc062723c751e8b465ee728b)  -> (artifact id: 'feb9ecfb265f987f0cfc3ae7a93fe689') in 0.020100 seconds 
========================================================================
Received Import Request.
  Time since last request: 0.000281 seconds.
  path: Assets/Materials/material_3.mat
  artifactKey: Guid(d19689657e79fed4ebc73cc41d1c09fd) Importer(815301076,1909f56bfc062723c751e8b465ee728b)
Start importing Assets/Materials/material_3.mat using Guid(d19689657e79fed4ebc73cc41d1c09fd) Importer(815301076,1909f56bfc062723c751e8b465ee728b)  -> (artifact id: 'dd0f1198dcb0a4c7b178ad3c63652855') in 0.023998 seconds 
========================================================================
Received Import Request.
  Time since last request: 0.000298 seconds.
  path: Assets/Materials/__Beige_1.mat
  artifactKey: Guid(1215687495de4aa4b9e4c1348d1f985b) Importer(815301076,1909f56bfc062723c751e8b465ee728b)
Start importing Assets/Materials/__Beige_1.mat using Guid(1215687495de4aa4b9e4c1348d1f985b) Importer(815301076,1909f56bfc062723c751e8b465ee728b)  -> (artifact id: 'dae1ec7ed6623ffd78c6704b1266cc33') in 0.024634 seconds 
========================================================================
Received Import Request.
  Time since last request: 0.000366 seconds.
  path: Assets/Materials/__Charcoal_.mat
  artifactKey: Guid(659ac43023ff9254ca5fe915457f27df) Importer(815301076,1909f56bfc062723c751e8b465ee728b)
Start importing Assets/Materials/__Charcoal_.mat using Guid(659ac43023ff9254ca5fe915457f27df) Importer(815301076,1909f56bfc062723c751e8b465ee728b)  -> (artifact id: '80f6bf1d3360f5741c2b4a718394a70d') in 0.022142 seconds 
========================================================================
Received Import Request.
  Time since last request: 0.000298 seconds.
  path: Assets/Materials/Metal_Seamed_0.mat
  artifactKey: Guid(c2791d488367e5c4a9b584634fc81e5d) Importer(815301076,1909f56bfc062723c751e8b465ee728b)
Start importing Assets/Materials/Metal_Seamed_0.mat using Guid(c2791d488367e5c4a9b584634fc81e5d) Importer(815301076,1909f56bfc062723c751e8b465ee728b)  -> (artifact id: '15e2f3035a25576733be18d6af74bfb0') in 0.023752 seconds 
========================================================================
Received Import Request.
  Time since last request: 0.000151 seconds.
  path: Assets/Materials/__LightGray_.mat
  artifactKey: Guid(45da0ce35a137964d8c224d8fdbe8baf) Importer(815301076,1909f56bfc062723c751e8b465ee728b)
Start importing Assets/Materials/__LightGray_.mat using Guid(45da0ce35a137964d8c224d8fdbe8baf) Importer(815301076,1909f56bfc062723c751e8b465ee728b)  -> (artifact id: 'ff7e222d0a705c0ac2861d32321361b4') in 0.018652 seconds 
========================================================================
Received Import Request.
  Time since last request: 40.429595 seconds.
  path: Assets/model 3.dae
  artifactKey: Guid(4b364049d82daf547ae08dfadd0e0373) Importer(815301076,1909f56bfc062723c751e8b465ee728b)
Start importing Assets/model 3.dae using Guid(4b364049d82daf547ae08dfadd0e0373) Importer(815301076,1909f56bfc062723c751e8b465ee728b)  -> (artifact id: '1985a18775ef7030c9435ed5341bc7fa') in 2.553383 seconds 
========================================================================
Received Import Request.
  Time since last request: 8.565807 seconds.
  path: Assets/model 3.dae
  artifactKey: Guid(4b364049d82daf547ae08dfadd0e0373) Importer(815301076,1909f56bfc062723c751e8b465ee728b)
Start importing Assets/model 3.dae using Guid(4b364049d82daf547ae08dfadd0e0373) Importer(815301076,1909f56bfc062723c751e8b465ee728b)  -> (artifact id: '21354b42420b1a211104fa1549b4b325') in 2.656250 seconds 
========================================================================
Received Import Request.
  Time since last request: 38.057855 seconds.
  path: Assets/model 3.dae
  artifactKey: Guid(4b364049d82daf547ae08dfadd0e0373) Importer(815301076,1909f56bfc062723c751e8b465ee728b)
Start importing Assets/model 3.dae using Guid(4b364049d82daf547ae08dfadd0e0373) Importer(815301076,1909f56bfc062723c751e8b465ee728b)  -> (artifact id: '3a6eb74cf4645dc96fdfe1dc22da569f') in 0.887318 seconds 
========================================================================
Received Import Request.
  Time since last request: 14.737479 seconds.
  path: Assets/model 3.dae
  artifactKey: Guid(4b364049d82daf547ae08dfadd0e0373) Importer(815301076,1909f56bfc062723c751e8b465ee728b)
Start importing Assets/model 3.dae using Guid(4b364049d82daf547ae08dfadd0e0373) Importer(815301076,1909f56bfc062723c751e8b465ee728b)  -> (artifact id: '1d3f30990914c2ea420e06ffe3dafd94') in 0.869890 seconds 
========================================================================
Received Prepare
Registering precompiled user dll's ...
Registered in 0.003722 seconds.
Begin MonoManager ReloadAssembly
Native extension for WindowsStandalone target not found
Refreshing native plugins compatible for Editor in 0.84 ms, found 3 plugins.
Preloading 0 native plugins for Editor in 0.00 ms.
Mono: successfully reloaded assembly
- Completed reload, in  1.388 seconds
Domain Reload Profiling:
	ReloadAssembly (1389ms)
		BeginReloadAssembly (126ms)
			ExecutionOrderSort (0ms)
			DisableScriptedObjects (5ms)
			BackupInstance (0ms)
			ReleaseScriptingObjects (0ms)
			CreateAndSetChildDomain (37ms)
		EndReloadAssembly (1186ms)
			LoadAssemblies (120ms)
			RebuildTransferFunctionScriptingTraits (0ms)
			SetupTypeCache (401ms)
			ReleaseScriptCaches (1ms)
			RebuildScriptCaches (72ms)
			SetupLoadedEditorAssemblies (436ms)
				LogAssemblyErrors (0ms)
				InitializePlatformSupportModulesInManaged (7ms)
				SetLoadedEditorAssemblies (1ms)
				RefreshPlugins (1ms)
				BeforeProcessingInitializeOnLoad (63ms)
				ProcessInitializeOnLoadAttributes (339ms)
				ProcessInitializeOnLoadMethodAttributes (22ms)
				AfterProcessingInitializeOnLoad (3ms)
				EditorAssembliesLoaded (0ms)
			ExecutionOrderSort2 (0ms)
			AwakeInstancesAfterBackupRestoration (2ms)
Platform modules already initialized, skipping
Switching build target platform(19) subTarget(0) extendedPlatform(0) -> platform(13) subTarget(537395200) extendedPlatform(0)
Refreshing native plugins compatible for Editor in 0.61 ms, found 3 plugins.
Preloading 0 native plugins for Editor in 0.00 ms.
Unloading 1610 Unused Serialized files (Serialized files now loaded: 0)
System memory in use before: 80.6 MB.
System memory in use after: 80.7 MB.

Unloading 21 unused Assets to reduce memory usage. Loaded Objects now: 2101.
Total: 4.571500 ms (FindLiveObjects: 0.303600 ms CreateObjectMapping: 0.067300 ms MarkObjects: 4.170500 ms  DeleteObjects: 0.028900 ms)

AssetImportParameters requested are different than current active one (requested -> active):
  custom:framework-win-MediaFoundation: 216162199b28c13a410421893ffa2e32 -> 
  custom:video-decoder-ogg-theora: a1e56fd34408186e4bbccfd4996cb3dc -> 
  custom:container-muxer-webm: aa71ff27fc2769a1b78a27578f13a17b -> 
  custom:container-demuxer-webm: 4f35f7cbe854078d1ac9338744f61a02 -> 
  custom:container-demuxer-ogg: 62fdf1f143b41e24485cea50d1cbac27 -> 
  custom:video-encoder-webm-vp8: eb34c28f22e8b96e1ab97ce403110664 -> 
  custom:video-decoder-webm-vp8: 9c59270c3fd7afecdb556c50c9e8de78 -> 
  custom:graphics/normal-map-encoding: 01000000000000000000000000000000 -> 02000000000000000000000000000000
  custom:audio-decoder-ogg-vorbis: bf7c407c2cedff20999df2af8eb42d56 -> 
  custom:audio-encoder-webm-vorbis: bf7c407c2cedff20999df2af8eb42d56 -> 
========================================================================
Received Prepare
Refreshing native plugins compatible for Editor in 7.36 ms, found 3 plugins.
Preloading 0 native plugins for Editor in 0.00 ms.
Unloading 19 Unused Serialized files (Serialized files now loaded: 0)
System memory in use before: 49.2 MB.
System memory in use after: 49.3 MB.

Unloading 19 unused Assets to reduce memory usage. Loaded Objects now: 2101.
Total: 3.597700 ms (FindLiveObjects: 0.173700 ms CreateObjectMapping: 0.038500 ms MarkObjects: 3.358200 ms  DeleteObjects: 0.026300 ms)

AssetImportParameters requested are different than current active one (requested -> active):
  custom:framework-win-MediaFoundation: 216162199b28c13a410421893ffa2e32 -> 
  custom:video-decoder-ogg-theora: a1e56fd34408186e4bbccfd4996cb3dc -> 
  custom:container-muxer-webm: aa71ff27fc2769a1b78a27578f13a17b -> 
  custom:container-demuxer-webm: 4f35f7cbe854078d1ac9338744f61a02 -> 
  custom:container-demuxer-ogg: 62fdf1f143b41e24485cea50d1cbac27 -> 
  custom:video-encoder-webm-vp8: eb34c28f22e8b96e1ab97ce403110664 -> 
  custom:video-decoder-webm-vp8: 9c59270c3fd7afecdb556c50c9e8de78 -> 
  custom:audio-decoder-ogg-vorbis: bf7c407c2cedff20999df2af8eb42d56 -> 
  custom:audio-encoder-webm-vorbis: bf7c407c2cedff20999df2af8eb42d56 -> 
========================================================================
Received Prepare
Refreshing native plugins compatible for Editor in 75.41 ms, found 3 plugins.
Preloading 0 native plugins for Editor in 0.00 ms.
Unloading 19 Unused Serialized files (Serialized files now loaded: 0)
System memory in use before: 49.2 MB.
System memory in use after: 49.3 MB.

Unloading 19 unused Assets to reduce memory usage. Loaded Objects now: 2101.
Total: 7.528800 ms (FindLiveObjects: 0.401400 ms CreateObjectMapping: 0.171500 ms MarkObjects: 6.872200 ms  DeleteObjects: 0.081200 ms)

AssetImportParameters requested are different than current active one (requested -> active):
  custom:framework-win-MediaFoundation: 216162199b28c13a410421893ffa2e32 -> 
  custom:video-decoder-ogg-theora: a1e56fd34408186e4bbccfd4996cb3dc -> 
  custom:container-muxer-webm: aa71ff27fc2769a1b78a27578f13a17b -> 
  custom:container-demuxer-webm: 4f35f7cbe854078d1ac9338744f61a02 -> 
  custom:container-demuxer-ogg: 62fdf1f143b41e24485cea50d1cbac27 -> 
  custom:video-encoder-webm-vp8: eb34c28f22e8b96e1ab97ce403110664 -> 
  custom:video-decoder-webm-vp8: 9c59270c3fd7afecdb556c50c9e8de78 -> 
  custom:audio-decoder-ogg-vorbis: bf7c407c2cedff20999df2af8eb42d56 -> 
  custom:audio-encoder-webm-vorbis: bf7c407c2cedff20999df2af8eb42d56 -> 
AssetImportWorkerClient::OnTransportError - code=2 error=End of file
